Sat Mar 23 05:41:55 PKT 2019 : Apache Derby Network Server - 10.10.2.0 - (1582446) started and ready to accept connections on port 1527
----------------------------------------------------------------
Sat Mar 23 05:41:57 PKT 2019:
Booting Derby version The Apache Software Foundation - Apache Derby - 10.10.2.0 - (1582446): instance a816c00e-0169-a7ff-28b8-fffff0eb3b4c 
on database directory C:\Users\Dell\Documents\NetBeansProjects\TicTacToe\ticDatabase with class loader sun.misc.Launcher$AppClassLoader@1d44bcfa 
Loaded from file:/C:/Program%20Files/glassfish-4.1.1/javadb/lib/derby.jar
java.vendor=Oracle Corporation
java.runtime.version=1.8.0_181-b13
user.dir=C:\Program Files\glassfish-4.1.1\javadb
os.name=Windows 10
os.arch=amd64
os.version=10.0
derby.system.home=C:\Users\Dell\Documents\NetBeansProjects\TicTacToe
Database Class Loader started - derby.database.classpath=''
----------------------------------------------------------------
Sat Mar 23 05:41:59 PKT 2019:
Shutting down instance a816c00e-0169-a7ff-28b8-fffff0eb3b4c on database directory C:\Users\Dell\Documents\NetBeansProjects\TicTacToe\ticDatabase with class loader sun.misc.Launcher$AppClassLoader@1d44bcfa 
Sat Mar 23 05:41:59 PKT 2019 Thread[DRDAConnThread_3,5,main] (DATABASE = ticDatabase), (DRDAID = {2}), Database 'ticDatabase' shutdown.
----------------------------------------------------------------
Sat Mar 23 05:42:27 PKT 2019:
Booting Derby version The Apache Software Foundation - Apache Derby - 10.10.2.0 - (1582446): instance 560740aa-0169-a7ff-28b8-fffff0eb3b4c 
on database directory C:\Users\Dell\Documents\NetBeansProjects\TicTacToe\ticDatabase with class loader sun.misc.Launcher$AppClassLoader@1d44bcfa 
Loaded from file:/C:/Program%20Files/glassfish-4.1.1/javadb/lib/derby.jar
java.vendor=Oracle Corporation
java.runtime.version=1.8.0_181-b13
user.dir=C:\Program Files\glassfish-4.1.1\javadb
os.name=Windows 10
os.arch=amd64
os.version=10.0
derby.system.home=C:\Users\Dell\Documents\NetBeansProjects\TicTacToe
Database Class Loader started - derby.database.classpath=''
----------------------------------------------------------------
Sat Mar 23 13:04:14 PKT 2019:
Shutting down instance 560740aa-0169-a7ff-28b8-fffff0eb3b4c on database directory C:\Users\Dell\Documents\NetBeansProjects\TicTacToe\ticDatabase with class loader sun.misc.Launcher$AppClassLoader@1d44bcfa 
Sat Mar 23 13:04:15 PKT 2019 Thread[DRDAConnThread_2,5,main] (DATABASE = ticDatabase), (DRDAID = {5}), Database 'ticDatabase' shutdown.
----------------------------------------------------------------
Sat Mar 23 13:08:01 PKT 2019:
Booting Derby version The Apache Software Foundation - Apache Derby - 10.10.2.0 - (1582446): instance 2faf0139-0169-a7ff-28b8-fffff0eb3b4c 
on database directory C:\Users\Dell\Documents\NetBeansProjects\TicTacToe\ticTacToe with class loader sun.misc.Launcher$AppClassLoader@1d44bcfa 
Loaded from file:/C:/Program%20Files/glassfish-4.1.1/javadb/lib/derby.jar
java.vendor=Oracle Corporation
java.runtime.version=1.8.0_181-b13
user.dir=C:\Program Files\glassfish-4.1.1\javadb
os.name=Windows 10
os.arch=amd64
os.version=10.0
derby.system.home=C:\Users\Dell\Documents\NetBeansProjects\TicTacToe
Database Class Loader started - derby.database.classpath=''
----------------------------------------------------------------
Sat Mar 23 13:08:03 PKT 2019:
Shutting down instance 2faf0139-0169-a7ff-28b8-fffff0eb3b4c on database directory C:\Users\Dell\Documents\NetBeansProjects\TicTacToe\ticTacToe with class loader sun.misc.Launcher$AppClassLoader@1d44bcfa 
Sat Mar 23 13:08:03 PKT 2019 Thread[DRDAConnThread_2,5,main] (DATABASE = ticTacToe), (DRDAID = {7}), Database 'ticTacToe' shutdown.
----------------------------------------------------------------
Sat Mar 23 13:08:20 PKT 2019:
Booting Derby version The Apache Software Foundation - Apache Derby - 10.10.2.0 - (1582446): instance ab2c81d5-0169-a7ff-28b8-fffff0eb3b4c 
on database directory C:\Users\Dell\Documents\NetBeansProjects\TicTacToe\ticTacToe with class loader sun.misc.Launcher$AppClassLoader@1d44bcfa 
Loaded from file:/C:/Program%20Files/glassfish-4.1.1/javadb/lib/derby.jar
java.vendor=Oracle Corporation
java.runtime.version=1.8.0_181-b13
user.dir=C:\Program Files\glassfish-4.1.1\javadb
os.name=Windows 10
os.arch=amd64
os.version=10.0
derby.system.home=C:\Users\Dell\Documents\NetBeansProjects\TicTacToe
Database Class Loader started - derby.database.classpath=''
Sat Mar 23 13:22:38 PKT 2019 Thread[DRDAConnThread_4,5,main] Cleanup action starting
java.sql.SQLException: Database 'mine' not found.
	at org.apache.derby.impl.jdbc.SQLExceptionFactory40.getSQLException(Unknown Source)
	at org.apache.derby.impl.jdbc.Util.newEmbedSQLException(Unknown Source)
	at org.apache.derby.impl.jdbc.Util.newEmbedSQLException(Unknown Source)
	at org.apache.derby.impl.jdbc.Util.generateCsSQLException(Unknown Source)
	at org.apache.derby.impl.jdbc.EmbedConnection.newSQLException(Unknown Source)
	at org.apache.derby.impl.jdbc.EmbedConnection.handleDBNotFound(Unknown Source)
	at org.apache.derby.impl.jdbc.EmbedConnection.<init>(Unknown Source)
	at org.apache.derby.impl.jdbc.EmbedConnection40.<init>(Unknown Source)
	at org.apache.derby.jdbc.Driver40.getNewEmbedConnection(Unknown Source)
	at org.apache.derby.jdbc.InternalDriver.connect(Unknown Source)
	at org.apache.derby.jdbc.Driver20.connect(Unknown Source)
	at org.apache.derby.jdbc.EmbeddedDriver.connect(Unknown Source)
	at org.apache.derby.impl.drda.Database.makeConnection(Unknown Source)
	at org.apache.derby.impl.drda.DRDAConnThread.getConnFromDatabaseName(Unknown Source)
	at org.apache.derby.impl.drda.DRDAConnThread.verifyUserIdPassword(Unknown Source)
	at org.apache.derby.impl.drda.DRDAConnThread.parseSECCHK(Unknown Source)
	at org.apache.derby.impl.drda.DRDAConnThread.parseDRDAConnection(Unknown Source)
	at org.apache.derby.impl.drda.DRDAConnThread.processCommands(Unknown Source)
	at org.apache.derby.impl.drda.DRDAConnThread.run(Unknown Source)
Caused by: java.sql.SQLException: Database 'mine' not found.
	at org.apache.derby.impl.jdbc.SQLExceptionFactory.getSQLException(Unknown Source)
	at org.apache.derby.impl.jdbc.SQLExceptionFactory40.wrapArgsForTransportAcrossDRDA(Unknown Source)
	... 19 more
============= begin nested exception, level (1) ===========
java.sql.SQLException: Database 'mine' not found.
	at org.apache.derby.impl.jdbc.SQLExceptionFactory.getSQLException(Unknown Source)
	at org.apache.derby.impl.jdbc.SQLExceptionFactory40.wrapArgsForTransportAcrossDRDA(Unknown Source)
	at org.apache.derby.impl.jdbc.SQLExceptionFactory40.getSQLException(Unknown Source)
	at org.apache.derby.impl.jdbc.Util.newEmbedSQLException(Unknown Source)
	at org.apache.derby.impl.jdbc.Util.newEmbedSQLException(Unknown Source)
	at org.apache.derby.impl.jdbc.Util.generateCsSQLException(Unknown Source)
	at org.apache.derby.impl.jdbc.EmbedConnection.newSQLException(Unknown Source)
	at org.apache.derby.impl.jdbc.EmbedConnection.handleDBNotFound(Unknown Source)
	at org.apache.derby.impl.jdbc.EmbedConnection.<init>(Unknown Source)
	at org.apache.derby.impl.jdbc.EmbedConnection40.<init>(Unknown Source)
	at org.apache.derby.jdbc.Driver40.getNewEmbedConnection(Unknown Source)
	at org.apache.derby.jdbc.InternalDriver.connect(Unknown Source)
	at org.apache.derby.jdbc.Driver20.connect(Unknown Source)
	at org.apache.derby.jdbc.EmbeddedDriver.connect(Unknown Source)
	at org.apache.derby.impl.drda.Database.makeConnection(Unknown Source)
	at org.apache.derby.impl.drda.DRDAConnThread.getConnFromDatabaseName(Unknown Source)
	at org.apache.derby.impl.drda.DRDAConnThread.verifyUserIdPassword(Unknown Source)
	at org.apache.derby.impl.drda.DRDAConnThread.parseSECCHK(Unknown Source)
	at org.apache.derby.impl.drda.DRDAConnThread.parseDRDAConnection(Unknown Source)
	at org.apache.derby.impl.drda.DRDAConnThread.processCommands(Unknown Source)
	at org.apache.derby.impl.drda.DRDAConnThread.run(Unknown Source)
============= end nested exception, level (1) ===========
Cleanup action completed
Sat Mar 23 13:22:38 PKT 2019 Thread[DRDAConnThread_4,5,main] (DATABASE = mine), (DRDAID = {14}), Database 'mine' not found.
